[debug] [2018-03-14T14:08:57.993Z] ----------------------------------------------------------------------
[debug] [2018-03-14T14:08:57.994Z] Command:       C:\Program Files\nodejs\node.exe C:\Users\v-lee\AppData\Roaming\npm\node_modules\firebase-tools\bin\firebase deploy
[debug] [2018-03-14T14:08:57.994Z] CLI Version:   3.17.6
[debug] [2018-03-14T14:08:57.994Z] Platform:      win32
[debug] [2018-03-14T14:08:57.994Z] Node Version:  v8.9.1
[debug] [2018-03-14T14:08:57.995Z] Time:          Wed Mar 14 2018 22:08:57 GMT+0800 (中国标准时间)
[debug] [2018-03-14T14:08:57.995Z] ----------------------------------------------------------------------
[debug] 
[debug] [2018-03-14T14:08:58.006Z] > command requires scopes: ["email","openid","https://www.googleapis.com/auth/cloudplatformprojects.readonly","https://www.googleapis.com/auth/firebase","https://www.googleapis.com/auth/cloud-platform"]
[debug] [2018-03-14T14:08:58.006Z] > authorizing via signed-in user
[debug] [2018-03-14T14:08:58.007Z] >>> HTTP REQUEST GET https://admin.firebase.com/v1/projects/liminjun-friends  
  
 Wed Mar 14 2018 22:08:58 GMT+0800 (中国标准时间)
[debug] [2018-03-14T14:08:59.073Z] <<< HTTP RESPONSE 200
[debug] [2018-03-14T14:08:59.074Z] >>> HTTP REQUEST GET https://admin.firebase.com/v1/database/liminjun-friends/tokens  
  
 Wed Mar 14 2018 22:08:59 GMT+0800 (中国标准时间)
[debug] [2018-03-14T14:09:00.426Z] <<< HTTP RESPONSE 200
[debug] [2018-03-14T14:09:42.612Z] ----------------------------------------------------------------------
[debug] [2018-03-14T14:09:42.614Z] Command:       C:\Program Files\nodejs\node.exe C:\Users\v-lee\AppData\Roaming\npm\node_modules\firebase-tools\bin\firebase deploy
[debug] [2018-03-14T14:09:42.614Z] CLI Version:   3.17.6
[debug] [2018-03-14T14:09:42.614Z] Platform:      win32
[debug] [2018-03-14T14:09:42.614Z] Node Version:  v8.9.1
[debug] [2018-03-14T14:09:42.614Z] Time:          Wed Mar 14 2018 22:09:42 GMT+0800 (中国标准时间)
[debug] [2018-03-14T14:09:42.615Z] ----------------------------------------------------------------------
[debug] 
[debug] [2018-03-14T14:09:42.625Z] > command requires scopes: ["email","openid","https://www.googleapis.com/auth/cloudplatformprojects.readonly","https://www.googleapis.com/auth/firebase","https://www.googleapis.com/auth/cloud-platform"]
[debug] [2018-03-14T14:09:42.625Z] > authorizing via signed-in user
[debug] [2018-03-14T14:09:42.627Z] >>> HTTP REQUEST GET https://admin.firebase.com/v1/projects/liminjun-friends  
  
 Wed Mar 14 2018 22:09:42 GMT+0800 (中国标准时间)
[debug] [2018-03-14T14:09:44.334Z] <<< HTTP RESPONSE 200
[debug] [2018-03-14T14:09:44.335Z] >>> HTTP REQUEST GET https://admin.firebase.com/v1/database/liminjun-friends/tokens  
  
 Wed Mar 14 2018 22:09:44 GMT+0800 (中国标准时间)
[debug] [2018-03-14T14:09:45.369Z] <<< HTTP RESPONSE 200
[debug] [2018-03-15T12:11:13.909Z] ----------------------------------------------------------------------
[debug] [2018-03-15T12:11:13.909Z] Command:       C:\Program Files\nodejs\node.exe C:\Users\v-lee\AppData\Roaming\npm\node_modules\firebase-tools\bin\firebase deploy --debug
[debug] [2018-03-15T12:11:13.909Z] CLI Version:   3.17.6
[debug] [2018-03-15T12:11:13.909Z] Platform:      win32
[debug] [2018-03-15T12:11:13.909Z] Node Version:  v8.9.1
[debug] [2018-03-15T12:11:13.925Z] Time:          Thu Mar 15 2018 20:11:13 GMT+0800 (中国标准时间)
[debug] [2018-03-15T12:11:13.925Z] ----------------------------------------------------------------------
[debug] 
[debug] [2018-03-15T12:11:13.925Z] > command requires scopes: ["email","openid","https://www.googleapis.com/auth/cloudplatformprojects.readonly","https://www.googleapis.com/auth/firebase","https://www.googleapis.com/auth/cloud-platform"]
[debug] [2018-03-15T12:11:13.941Z] > authorizing via signed-in user
[debug] [2018-03-15T12:11:13.941Z] > refreshing access token with scopes: ["email","https://www.googleapis.com/auth/cloud-platform","https://www.googleapis.com/auth/cloudplatformprojects.readonly","https://www.googleapis.com/auth/firebase","openid"]
[debug] [2018-03-15T12:11:13.941Z] >>> HTTP REQUEST POST https://www.googleapis.com/oauth2/v3/token  
 { refresh_token: '1/-UIXDGLiIqB8WJdLpwb-q1h-nUskyv4XQePV-FcNkhU',
  client_id: '563584335869-fgrhgmd47bqnekij5i8b5pr03ho849e6.apps.googleusercontent.com',
  client_secret: 'j9iVZfS8kkCEFUPaAeJV0sAi',
  grant_type: 'refresh_token',
  scope: 'email https://www.googleapis.com/auth/cloud-platform https://www.googleapis.com/auth/cloudplatformprojects.readonly https://www.googleapis.com/auth/firebase openid' } 
 Thu Mar 15 2018 20:11:13 GMT+0800 (中国标准时间)
[debug] [2018-03-15T12:11:14.609Z] <<< HTTP RESPONSE 200
[debug] [2018-03-15T12:11:14.625Z] >>> HTTP REQUEST GET https://admin.firebase.com/v1/projects/liminjun-friends  
  
 Thu Mar 15 2018 20:11:14 GMT+0800 (中国标准时间)
[debug] [2018-03-15T12:11:16.478Z] <<< HTTP RESPONSE 200
[debug] [2018-03-15T12:11:16.481Z] >>> HTTP REQUEST GET https://admin.firebase.com/v1/database/liminjun-friends/tokens  
  
 Thu Mar 15 2018 20:11:16 GMT+0800 (中国标准时间)
[debug] [2018-03-15T12:11:18.085Z] <<< HTTP RESPONSE 200
[debug] [2018-03-15T12:13:51.811Z] ----------------------------------------------------------------------
[debug] [2018-03-15T12:13:51.814Z] Command:       C:\Program Files\nodejs\node.exe C:\Users\v-lee\AppData\Roaming\npm\node_modules\firebase-tools\bin\firebase deploy --debug
[debug] [2018-03-15T12:13:51.814Z] CLI Version:   3.17.6
[debug] [2018-03-15T12:13:51.814Z] Platform:      win32
[debug] [2018-03-15T12:13:51.814Z] Node Version:  v8.9.1
[debug] [2018-03-15T12:13:51.815Z] Time:          Thu Mar 15 2018 20:13:51 GMT+0800 (中国标准时间)
[debug] [2018-03-15T12:13:51.815Z] ----------------------------------------------------------------------
[debug] 
[debug] [2018-03-15T12:13:51.827Z] > command requires scopes: ["email","openid","https://www.googleapis.com/auth/cloudplatformprojects.readonly","https://www.googleapis.com/auth/firebase","https://www.googleapis.com/auth/cloud-platform"]
[debug] [2018-03-15T12:13:51.828Z] > authorizing via signed-in user
[debug] [2018-03-15T12:13:51.833Z] >>> HTTP REQUEST GET https://admin.firebase.com/v1/projects/liminjun-friends  
  
 Thu Mar 15 2018 20:13:51 GMT+0800 (中国标准时间)
[debug] [2018-03-15T12:13:52.965Z] <<< HTTP RESPONSE 200
[debug] [2018-03-15T12:13:52.970Z] >>> HTTP REQUEST GET https://admin.firebase.com/v1/database/liminjun-friends/tokens  
  
 Thu Mar 15 2018 20:13:52 GMT+0800 (中国标准时间)
[debug] [2018-03-15T12:13:54.090Z] <<< HTTP RESPONSE 200
